2025-08-20 10:18:53,882 - INFO - Bongo Cat 小助手启动...
2025-08-20 10:18:53,883 - INFO - 已从 'config.ini' 加载配置。
2025-08-20 10:18:56,791 - INFO - 坐标已更新为: X=3685, Y=867
2025-08-20 10:18:56,792 - INFO - 
屏幕尺寸: 3840x1080
2025-08-20 10:18:56,792 - INFO - 搜索区域: (3485, 667, 355, 400)
2025-08-20 10:18:56,792 - INFO - 
助手运行中... 将鼠标快速移动到屏幕左上角(0,0)可强制停止。
2025-08-20 10:18:56,793 - INFO - 
成功绑定到窗口: 'BongoCat' (句柄: 2181336)
2025-08-20 10:34:03,565 - INFO - 检测到礼包，尝试收取...
2025-08-20 10:34:03,774 - INFO - 已点击礼包，暂停5秒后进行确认...
2025-08-20 10:34:08,800 - WARNING - 确认失败：礼包仍然存在。本次收取不计数。
2025-08-20 10:34:08,800 - INFO - ========================================

2025-08-20 10:34:08,816 - INFO - 检测到礼包，尝试收取...
2025-08-20 10:34:09,027 - INFO - 已点击礼包，暂停5秒后进行确认...
2025-08-20 10:34:14,050 - INFO - 确认成功：礼包已消失！(累计收取: 1)
2025-08-20 10:34:14,051 - INFO - ========================================

2025-08-20 10:36:40,220 - INFO - 
成功绑定到窗口: 'BongoCat' (句柄: 7155662)
2025-08-20 10:36:40,245 - INFO - 检测到礼包，尝试收取...
2025-08-20 10:36:40,452 - INFO - 已点击礼包，暂停5秒后进行确认...
2025-08-20 10:36:45,474 - WARNING - 确认失败：礼包仍然存在。本次收取不计数。
2025-08-20 10:36:47,160 - INFO - ========================================

2025-08-20 10:36:47,176 - INFO - 检测到礼包，尝试收取...
2025-08-20 10:36:47,386 - INFO - 已点击礼包，暂停5秒后进行确认...
2025-08-20 10:36:52,406 - WARNING - 确认失败：礼包仍然存在。本次收取不计数。
2025-08-20 10:36:53,950 - INFO - ========================================

2025-08-20 10:36:53,974 - INFO - 检测到礼包，尝试收取...
2025-08-20 10:36:54,183 - INFO - 已点击礼包，暂停5秒后进行确认...
2025-08-20 10:36:59,208 - INFO - 确认成功：礼包已消失！(累计收取: 2)
2025-08-20 10:36:59,208 - INFO - ========================================

